<?xml version="1.0" encoding="UTF-8"?>
<!-- Generated by org.testng.reporters.JUnitReportReporter -->
<testsuite hostname="EPBYMINW2701" name="test.LetterGoToSpam_01" tests="1" failures="0" timestamp="21 Jul 2015 14:43:13 GMT" time="79.351" errors="0">
  <testcase name="letterGoToSpamTest" time="79.351" classname="test.LetterGoToSpam_01"/>
</testsuite> <!-- test.LetterGoToSpam_01 -->
