<?xml version="1.0" encoding="UTF-8"?>
<!-- Generated by org.testng.reporters.JUnitReportReporter -->
<testsuite hostname="EPBYMINW2701" name="test.LetterGoToSpam_01" tests="1" failures="1" timestamp="13 Jul 2015 15:31:32 GMT" time="0.034" errors="0">
  <testcase name="letterGoToSpam" time="0.034" classname="test.LetterGoToSpam_01">
    <failure type="java.lang.RuntimeException" message="java.lang.ClassNotFoundException: webdriver.elements.ITextBox">
      <![CDATA[java.lang.RuntimeException: java.lang.ClassNotFoundException: webdriver.elements.ITextBox
	at webdriver.elements.ElementFactory.findImplementationFor(ElementFactory.java:35)
	at webdriver.elements.ElementFactory.create(ElementFactory.java:15)
	at webdriver.fieldDecorator.FieldDecorator.decorateElement(FieldDecorator.java:39)
	at webdriver.fieldDecorator.FieldDecorator.decorate(FieldDecorator.java:31)
	at org.openqa.selenium.support.PageFactory.proxyFields(PageFactory.java:112)
	at org.openqa.selenium.support.PageFactory.initElements(PageFactory.java:104)
	at test.Pages.LoginPage.<init>(LoginPage.java:30)
	at test.Steps.Steps.loginGmail(Steps.java:11)
	at test.LetterGoToSpam_01.letterGoToSpam(LetterGoToSpam_01.java:15)
	at sun.reflect.NativeMethodAccessorImpl.invoke0(Native Method)
	at sun.reflect.NativeMethodAccessorImpl.invoke(NativeMethodAccessorImpl.java:62)
	at sun.reflect.DelegatingMethodAccessorImpl.invoke(DelegatingMethodAccessorImpl.java:43)
	at java.lang.reflect.Method.invoke(Method.java:497)
	at org.testng.internal.MethodInvocationHelper.invokeMethod(MethodInvocationHelper.java:84)
	at org.testng.internal.Invoker.invokeMethod(Invoker.java:714)
	at org.testng.internal.Invoker.invokeTestMethod(Invoker.java:901)
	at org.testng.internal.Invoker.invokeTestMethods(Invoker.java:1231)
	at org.testng.internal.TestMethodWorker.invokeTestMethods(TestMethodWorker.java:127)
	at org.testng.internal.TestMethodWorker.run(TestMethodWorker.java:111)
	at org.testng.TestRunner.privateRun(TestRunner.java:767)
	at org.testng.TestRunner.run(TestRunner.java:617)
	at org.testng.SuiteRunner.runTest(SuiteRunner.java:348)
	at org.testng.SuiteRunner.runSequentially(SuiteRunner.java:343)
	at org.testng.SuiteRunner.privateRun(SuiteRunner.java:305)
	at org.testng.SuiteRunner.run(SuiteRunner.java:254)
	at org.testng.SuiteRunnerWorker.runSuite(SuiteRunnerWorker.java:52)
	at org.testng.SuiteRunnerWorker.run(SuiteRunnerWorker.java:86)
	at org.testng.TestNG.runSuitesSequentially(TestNG.java:1224)
	at org.testng.TestNG.runSuitesLocally(TestNG.java:1149)
	at org.testng.TestNG.run(TestNG.java:1057)
	at org.testng.remote.RemoteTestNG.run(RemoteTestNG.java:111)
	at org.testng.remote.RemoteTestNG.initAndRun(RemoteTestNG.java:204)
	at org.testng.remote.RemoteTestNG.main(RemoteTestNG.java:175)
Caused by: java.lang.ClassNotFoundException: webdriver.elements.ITextBox
	at java.net.URLClassLoader.findClass(URLClassLoader.java:381)
	at java.lang.ClassLoader.loadClass(ClassLoader.java:424)
	at sun.misc.Launcher$AppClassLoader.loadClass(Launcher.java:331)
	at java.lang.ClassLoader.loadClass(ClassLoader.java:357)
	at java.lang.Class.forName0(Native Method)
	at java.lang.Class.forName(Class.java:264)
	at webdriver.elements.ElementFactory.findImplementationFor(ElementFactory.java:32)
	... 32 more
]]>
    </failure>
  </testcase> <!-- letterGoToSpam -->
</testsuite> <!-- test.LetterGoToSpam_01 -->
