<?xml version="1.0" encoding="UTF-8"?>
<!-- Generated by org.testng.reporters.JUnitReportReporter -->
<testsuite hostname="EPBYMINW2701" name="test.Forward_02" tests="1" failures="0" timestamp="21 Jul 2015 14:47:53 GMT" time="136.446" errors="0">
  <testcase name="ForwardTest" time="136.446" classname="test.Forward_02"/>
</testsuite> <!-- test.Forward_02 -->
