<?xml version="1.0" encoding="UTF-8"?>
<!-- Generated by org.testng.reporters.JUnitReportReporter -->
<testsuite hostname="EPBYMINW2701" name="test.MainMailBoxPage_03" tests="1" failures="0" timestamp="16 Jul 2015 15:35:49 GMT" time="16.272" errors="0">
  <testcase name="MainMailBoxPageTest" time="16.272" classname="test.MainMailBoxPage_03"/>
</testsuite> <!-- test.MainMailBoxPage_03 -->
