<?xml version="1.0" encoding="UTF-8"?>
<!-- Generated by org.testng.reporters.JUnitReportReporter -->
<testsuite hostname="EPBYMINW2701" name="test.SendMailWithAttachement_05" tests="1" failures="0" timestamp="21 Jul 2015 14:36:24 GMT" time="31.610" errors="0">
  <testcase name="SendMailWithAttachementTest" time="31.610" classname="test.SendMailWithAttachement_05"/>
</testsuite> <!-- test.SendMailWithAttachement_05 -->
