<?xml version="1.0" encoding="UTF-8"?>
<!-- Generated by org.testng.reporters.JUnitReportReporter -->
<testsuite hostname="EPBYMINW2701" name="test.Themes_04" tests="1" failures="0" timestamp="17 Jul 2015 17:51:07 GMT" time="25.743" errors="0">
  <testcase name="ThemesTest" time="25.743" classname="test.Themes_04"/>
</testsuite> <!-- test.Themes_04 -->
